Arguments: 
  /Users/rs/.nvm/versions/node/v8.5.0/bin/node /usr/local/Cellar/yarn/1.5.1_1/libexec/bin/yarn.js run build

PATH: 
  /Users/rs/.nvm/versions/node/v8.5.0/bin:/Users/rs/.npm-packages/bin:/Users/rs/.rvm/gems/ruby-2.3.3/bin:/Users/rs/.rvm/gems/ruby-2.3.3@global/bin:/Users/rs/.rvm/rubies/ruby-2.3.3/bin:/usr/local/bin:/usr/bin:/bin:/usr/sbin:/sbin:/opt/X11/bin:/usr/local/go/bin:/Users/rs/.rvm/bin:/Users/rs/.rvm/bin

Yarn version: 
  1.5.1

Node version: 
  8.5.0

Platform: 
  darwin x64

npm manifest: 
  {
    "name": "decision-roulette",
    "version": "1.0.0",
    "main": "index.js",
    "author": "Russell Schmidt",
    "license": "MIT",
    "scripts": {
      "serve": "live-server public/",
      "build": "webpack",
      "dev-server": "webpack-dev-server"
    },
    "dependencies": {
      "babel-cli": "6.24.1",
      "babel-core": "6.25.0",
      "babel-loader": "7.1.1",
      "babel-plugin-transform-class-properties": "6.24.1",
      "babel-preset-env": "1.5.2",
      "babel-preset-react": "6.24.1",
      "css-loader": "0.28.4",
      "live-server": "^1.2.0",
      "node-sass": "4.5.3",
      "normalize.css": "7.0.0",
      "react": "15.6.1",
      "react-dom": "15.6.1",
      "react-modal": "2.2.2",
      "sass-loader": "6.0.6",
      "style-loader": "0.18.2",
      "validator": "8.0.0",
      "webpack": "3.1.0",
      "webpack-dev-server": "2.5.1"
    }
  }

yarn manifest: 
  No manifest

Lockfile: 
  No lockfile

Trace: 
  Error: Command failed.
  Exit code: 127
  Command: sh
  Arguments: -c webpack
  Directory: /Users/rs/Projects/react-course-project/indecision-app
  Output:
  
      at ProcessTermError.MessageError (/usr/local/Cellar/yarn/1.5.1_1/libexec/lib/cli.js:186:110)
      at new ProcessTermError (/usr/local/Cellar/yarn/1.5.1_1/libexec/lib/cli.js:226:113)
      at ChildProcess.<anonymous> (/usr/local/Cellar/yarn/1.5.1_1/libexec/lib/cli.js:30281:17)
      at emitTwo (events.js:125:13)
      at ChildProcess.emit (events.js:213:7)
      at maybeClose (internal/child_process.js:927:16)
      at Process.ChildProcess._handle.onexit (internal/child_process.js:211:5)
